{
  "stats": {
    "suites": 1,
    "tests": 1,
    "passes": 0,
    "pending": 0,
    "failures": 1,
    "start": "2020-09-09T12:44:28.578Z",
    "end": "2020-09-09T12:48:45.525Z",
    "duration": 256947,
    "testsRegistered": 1,
    "passPercent": 0,
    "pendingPercent": 0,
    "other": 0,
    "hasOther": false,
    "skipped": 0,
    "hasSkipped": false
  },
  "results": [
    {
      "uuid": "69ad7582-fb3d-4c61-95b0-1d44180cfe90",
      "title": "",
      "fullFile": "cypress\\integration\\search.spec.js",
      "file": "cypress\\integration\\search.spec.js",
      "beforeHooks": [],
      "afterHooks": [],
      "tests": [],
      "suites": [
        {
          "uuid": "b187be5a-0ecb-4185-9857-6d280a29514d",
          "title": "Test Search and navigation to product category page",
          "fullFile": "",
          "file": "",
          "beforeHooks": [],
          "afterHooks": [],
          "tests": [
            {
              "title": "Launch Catch Website > search > Select the first result",
              "fullTitle": "Test Search and navigation to product category page Launch Catch Website > search > Select the first result",
              "timedOut": null,
              "duration": 40228,
              "state": "failed",
              "speed": null,
              "pass": false,
              "fail": true,
              "pending": false,
              "context": null,
              "code": "_catchHomepage.homePage.navigateToUrl(_config.BASE_URL);\n_catchHomepage.homePage.enterSearchText('whey protein');\n_catchHomepage.homePage.getSearchResults().should('have.length.greaterThan', 3);\n_catchHomepage.homePage.verifyAllSearchResultsAreCorrect('whey');\n_catchHomepage.homePage.clickFirstSearchResult();\n_catchHomepage.homePage.successfullyLandedOnSearchResultsPage('/search', 'search?query=whey+protein');",
              "err": {
                "message": "AssertionError: Timed out retrying: expected '[ <li.css-12595yo.e5u7u070>, 2 more... ]' to have a length above 3 but got 3",
                "estack": "AssertionError: Timed out retrying: expected '[ <li.css-12595yo.e5u7u070>, 2 more... ]' to have a length above 3 but got 3\n    ./cypress/integration/search.spec.js/</<@https://www.catch.com.au/__cypress/tests?p=cypress\\integration\\search.spec.js:132:48\n    setRunnable/runnable.fn@https://www.catch.com.au/__cypress/runner/cypress_runner.js:170711:45\n    callFn@https://www.catch.com.au/__cypress/runner/cypress_runner.js:104502:21\n    onRunnableRun/<@https://www.catch.com.au/__cypress/runner/cypress_runner.js:176516:28\n    finallyHandler@https://www.catch.com.au/__cypress/runner/cypress_runner.js:6879:23\n    tryCatcher@https://www.catch.com.au/__cypress/runner/cypress_runner.js:10325:23\n    ../../node_modules/bluebird/js/release/promise.js/</module.exports/Promise.prototype._settlePromiseFromHandler@https://www.catch.com.au/__cypress/runner/cypress_runner.js:8260:31\n    ../../node_modules/bluebird/js/release/promise.js/</module.exports/Promise.prototype._settlePromise@https://www.catch.com.au/__cypress/runner/cypress_runner.js:8317:18\n    ../../node_modules/bluebird/js/release/promise.js/</module.exports/Promise.prototype._settlePromise0@https://www.catch.com.au/__cypress/runner/cypress_runner.js:8362:10\n    ../../node_modules/bluebird/js/release/promise.js/</module.exports/Promise.prototype._settlePromises@https://www.catch.com.au/__cypress/runner/cypress_runner.js:8442:18\n    _drainQueueStep@https://www.catch.com.au/__cypress/runner/cypress_runner.js:5032:12\n    _drainQueue@https://www.catch.com.au/__cypress/runner/cypress_runner.js:5025:24\n    ../../node_modules/bluebird/js/release/async.js/</Async.prototype._drainQueues@https://www.catch.com.au/__cypress/runner/cypress_runner.js:5041:16\n    Async/this.drainQueues@https://www.catch.com.au/__cypress/runner/cypress_runner.js:4911:14\n",
                "diff": ""
              },
              "uuid": "d3774a11-1043-4cab-a12e-b3fdc12a8531",
              "parentUUID": "b187be5a-0ecb-4185-9857-6d280a29514d",
              "isHook": false,
              "skipped": false
            }
          ],
          "suites": [],
          "passes": [],
          "failures": [
            "d3774a11-1043-4cab-a12e-b3fdc12a8531"
          ],
          "pending": [],
          "skipped": [],
          "duration": 40228,
          "root": false,
          "rootEmpty": false,
          "_timeout": 2000
        }
      ],
      "passes": [],
      "failures": [],
      "pending": [],
      "skipped": [],
      "duration": 0,
      "root": true,
      "rootEmpty": true,
      "_timeout": 2000
    }
  ],
  "meta": {
    "mocha": {
      "version": "7.0.1"
    },
    "mochawesome": {
      "options": {
        "quiet": false,
        "reportFilename": "mochawesome",
        "saveHtml": false,
        "saveJson": true,
        "consoleReporter": "spec",
        "useInlineDiffs": false,
        "code": true
      },
      "version": "6.1.1"
    },
    "marge": {
      "options": {
        "reportDir": "cypress/results/json",
        "overwrite": false,
        "html": false,
        "json": true,
        "configFile": "reporterOptions.json"
      },
      "version": "5.1.0"
    }
  }
}