{
  "stats": {
    "suites": 1,
    "tests": 1,
    "passes": 1,
    "pending": 0,
    "failures": 0,
    "start": "2020-09-17T13:09:41.471Z",
    "end": "2020-09-17T13:09:41.471Z",
    "duration": 33818,
    "testsRegistered": 1,
    "passPercent": 100,
    "pendingPercent": 0,
    "other": 0,
    "hasOther": false,
    "skipped": 0,
    "hasSkipped": false
  },
  "results": [
    {
      "uuid": "6d0149e0-f889-4134-b8e3-0662f08c7849",
      "title": "",
      "fullFile": "cypress\\integration\\search.spec.js",
      "file": "cypress\\integration\\search.spec.js",
      "beforeHooks": [],
      "afterHooks": [],
      "tests": [],
      "suites": [
        {
          "uuid": "9cc8bdc9-ab70-43fe-be73-eaa6e837af2f",
          "title": "Test Search and navigation to product category page",
          "fullFile": "",
          "file": "",
          "beforeHooks": [],
          "afterHooks": [],
          "tests": [
            {
              "title": "Launch Catch Website > search > Select the first result",
              "fullTitle": "Test Search and navigation to product category page Launch Catch Website > search > Select the first result",
              "timedOut": null,
              "duration": 33818,
              "state": "passed",
              "speed": "slow",
              "pass": true,
              "fail": false,
              "pending": false,
              "context": null,
              "code": "_catchHomepage.homePage.navigateToUrl(_config.BASE_URL);\n_catchHomepage.homePage.enterSearchText('whey protein');\n_catchHomepage.homePage.getSearchResults().should('have.length.greaterThan', 0);\n_catchHomepage.homePage.verifyAllSearchResultsAreCorrect('whey');\n_catchHomepage.homePage.clickFirstSearchResult();\n_catchHomepage.homePage.successfullyLandedOnSearchResultsPage('/search', 'search?query=whey+protein');\ncy.screenshot();",
              "err": {},
              "uuid": "e1f1a0ce-90e9-4332-aa11-0fa0f475abff",
              "parentUUID": "9cc8bdc9-ab70-43fe-be73-eaa6e837af2f",
              "isHook": false,
              "skipped": false
            }
          ],
          "suites": [],
          "passes": [
            "e1f1a0ce-90e9-4332-aa11-0fa0f475abff"
          ],
          "failures": [],
          "pending": [],
          "skipped": [],
          "duration": 33818,
          "root": false,
          "rootEmpty": false,
          "_timeout": 2000
        }
      ],
      "passes": [],
      "failures": [],
      "pending": [],
      "skipped": [],
      "duration": 0,
      "root": true,
      "rootEmpty": true,
      "_timeout": 2000
    }
  ],
  "meta": {
    "mocha": {
      "version": "7.0.1"
    },
    "mochawesome": {
      "options": {
        "quiet": true,
        "reportFilename": "mochawesome",
        "saveHtml": false,
        "saveJson": true,
        "consoleReporter": "spec",
        "useInlineDiffs": false,
        "code": true
      },
      "version": "6.1.1"
    },
    "marge": {
      "options": {
        "id": "default",
        "reportDir": "cypress/reports/mocha",
        "quiet": true,
        "overwrite": false,
        "html": false,
        "json": true,
        "timestamp": "mmddyyyy_HHMMss"
      },
      "version": "5.1.0"
    }
  }
}